2021-01-23 15:25:22,405 [Worker-4] INFO  c.g.t.t.d.PublishedGradleVersions - Gradle version information cache is out-of-date. Trying to update.
2021-01-23 15:27:22,518 [Worker-26] INFO  o.e.m.c.i.l.LifecycleMappingFactory - Using org.eclipse.m2e.jdt.JarLifecycleMapping lifecycle mapping for MavenProject: com.qian:ITDatabase-Web:0.0.1-SNAPSHOT @ E:\java\ｱﾊﾊﾔﾃ賁ﾔ\javaﾁｷｼｶ\21ITDatabase\project202101\ITDatabase-Web\pom.xml.
2021-01-23 15:27:22,518 [Worker-23] INFO  o.e.m.c.i.l.LifecycleMappingFactory - Using org.eclipse.m2e.jdt.JarLifecycleMapping lifecycle mapping for MavenProject: com.qian:ITDatabase-Web:0.0.1-SNAPSHOT @ E:\java\ｱﾊﾊﾔﾃ賁ﾔ\javaﾁｷｼｶ\21ITDatabase\project202101\ITDatabase-Web\pom.xml.
2021-01-23 15:27:25,274 [Worker-23] INFO  o.e.m.c.i.e.AbstractTransferListenerAdapter - Downloading https://repo.maven.apache.org/maven2/mysql/mysql-connector-java/5.1.46/mysql-connector-java-5.1.46.pom
2021-01-23 15:27:25,481 [Worker-23] INFO  o.e.m.c.i.e.AbstractTransferListenerAdapter - Downloaded https://repo.maven.apache.org/maven2/mysql/mysql-connector-java/5.1.46/mysql-connector-java-5.1.46.pom
2021-01-23 15:27:25,689 [Worker-26] INFO  o.e.m.c.i.e.AbstractTransferListenerAdapter - Downloading https://repo.maven.apache.org/maven2/mysql/mysql-connector-java/5.1.46/mysql-connector-java-5.1.46.pom
2021-01-23 15:27:25,885 [Worker-26] INFO  o.e.m.c.i.e.AbstractTransferListenerAdapter - Downloaded https://repo.maven.apache.org/maven2/mysql/mysql-connector-java/5.1.46/mysql-connector-java-5.1.46.pom
2021-01-23 15:27:26,123 [Worker-26] INFO  o.e.m.c.i.e.AbstractTransferListenerAdapter - Downloading https://repo.maven.apache.org/maven2/com/github/pagehelper/pagehelper-spring-boot-starter/1.2.10/pagehelper-spring-boot-starter-1.2.10.pom
2021-01-23 15:27:26,211 [Worker-23] INFO  o.e.m.c.i.e.AbstractTransferListenerAdapter - Downloading https://repo.maven.apache.org/maven2/com/github/pagehelper/pagehelper-spring-boot-starter/1.2.10/pagehelper-spring-boot-starter-1.2.10.pom
2021-01-23 15:27:26,323 [Worker-26] INFO  o.e.m.c.i.e.AbstractTransferListenerAdapter - Downloaded https://repo.maven.apache.org/maven2/com/github/pagehelper/pagehelper-spring-boot-starter/1.2.10/pagehelper-spring-boot-starter-1.2.10.pom
2021-01-23 15:27:26,402 [Worker-23] INFO  o.e.m.c.i.e.AbstractTransferListenerAdapter - Downloaded https://repo.maven.apache.org/maven2/com/github/pagehelper/pagehelper-spring-boot-starter/1.2.10/pagehelper-spring-boot-starter-1.2.10.pom
2021-01-23 15:27:26,551 [Worker-26] INFO  o.e.m.c.i.e.AbstractTransferListenerAdapter - Downloading https://repo.maven.apache.org/maven2/com/github/pagehelper/pagehelper-spring-boot/1.2.10/pagehelper-spring-boot-1.2.10.pom
2021-01-23 15:27:26,579 [Worker-23] INFO  o.e.m.c.i.e.AbstractTransferListenerAdapter - Downloading https://repo.maven.apache.org/maven2/com/github/pagehelper/pagehelper-spring-boot/1.2.10/pagehelper-spring-boot-1.2.10.pom
2021-01-23 15:27:26,802 [Worker-23] INFO  o.e.m.c.i.e.AbstractTransferListenerAdapter - Downloaded https://repo.maven.apache.org/maven2/com/github/pagehelper/pagehelper-spring-boot/1.2.10/pagehelper-spring-boot-1.2.10.pom
2021-01-23 15:27:27,204 [Worker-26] INFO  o.e.m.c.i.e.AbstractTransferListenerAdapter - Downloaded https://repo.maven.apache.org/maven2/com/github/pagehelper/pagehelper-spring-boot/1.2.10/pagehelper-spring-boot-1.2.10.pom
2021-01-23 15:27:27,363 [Worker-23] INFO  o.e.m.c.i.e.AbstractTransferListenerAdapter - Downloading https://repo.maven.apache.org/maven2/org/springframework/boot/spring-boot-dependencies/2.0.1.RELEASE/spring-boot-dependencies-2.0.1.RELEASE.pom
2021-01-23 15:27:27,586 [Worker-26] INFO  o.e.m.c.i.e.AbstractTransferListenerAdapter - Downloading https://repo.maven.apache.org/maven2/org/springframework/boot/spring-boot-dependencies/2.0.1.RELEASE/spring-boot-dependencies-2.0.1.RELEASE.pom
2021-01-23 15:27:37,762 [Worker-23] INFO  o.e.m.c.i.e.AbstractTransferListenerAdapter - Downloaded https://repo.maven.apache.org/maven2/org/springframework/boot/spring-boot-dependencies/2.0.1.RELEASE/spring-boot-dependencies-2.0.1.RELEASE.pom
2021-01-23 15:27:37,955 [Worker-26] INFO  o.e.m.c.i.e.AbstractTransferListenerAdapter - Downloaded https://repo.maven.apache.org/maven2/org/springframework/boot/spring-boot-dependencies/2.0.1.RELEASE/spring-boot-dependencies-2.0.1.RELEASE.pom
2021-01-23 15:27:37,962 [Worker-23] INFO  o.e.m.c.i.e.AbstractTransferListenerAdapter - Downloading https://repo.maven.apache.org/maven2/com/fasterxml/jackson/jackson-bom/2.9.5/jackson-bom-2.9.5.pom
2021-01-23 15:27:38,304 [Worker-26] INFO  o.e.m.c.i.e.AbstractTransferListenerAdapter - Downloading https://repo.maven.apache.org/maven2/com/fasterxml/jackson/jackson-bom/2.9.5/jackson-bom-2.9.5.pom
2021-01-23 15:27:39,476 [Worker-26] INFO  o.e.m.c.i.e.AbstractTransferListenerAdapter - Downloaded https://repo.maven.apache.org/maven2/com/fasterxml/jackson/jackson-bom/2.9.5/jackson-bom-2.9.5.pom
2021-01-23 15:27:40,068 [Worker-26] INFO  o.e.m.c.i.e.AbstractTransferListenerAdapter - Downloading https://repo.maven.apache.org/maven2/io/netty/netty-bom/4.1.23.Final/netty-bom-4.1.23.Final.pom
2021-01-23 15:27:40,339 [Worker-23] INFO  o.e.m.c.i.e.AbstractTransferListenerAdapter - Downloaded https://repo.maven.apache.org/maven2/com/fasterxml/jackson/jackson-bom/2.9.5/jackson-bom-2.9.5.pom
2021-01-23 15:27:40,522 [Worker-23] INFO  o.e.m.c.i.e.AbstractTransferListenerAdapter - Downloading https://repo.maven.apache.org/maven2/io/netty/netty-bom/4.1.23.Final/netty-bom-4.1.23.Final.pom
2021-01-23 15:27:41,930 [Worker-23] INFO  o.e.m.c.i.e.AbstractTransferListenerAdapter - Downloaded https://repo.maven.apache.org/maven2/io/netty/netty-bom/4.1.23.Final/netty-bom-4.1.23.Final.pom
2021-01-23 15:27:42,131 [Worker-23] INFO  o.e.m.c.i.e.AbstractTransferListenerAdapter - Downloading https://repo.maven.apache.org/maven2/io/projectreactor/reactor-bom/Bismuth-SR8/reactor-bom-Bismuth-SR8.pom
2021-01-23 15:27:42,203 [Worker-26] INFO  o.e.m.c.i.e.AbstractTransferListenerAdapter - Downloaded https://repo.maven.apache.org/maven2/io/netty/netty-bom/4.1.23.Final/netty-bom-4.1.23.Final.pom
2021-01-23 15:27:42,397 [Worker-26] INFO  o.e.m.c.i.e.AbstractTransferListenerAdapter - Downloading https://repo.maven.apache.org/maven2/io/projectreactor/reactor-bom/Bismuth-SR8/reactor-bom-Bismuth-SR8.pom
2021-01-23 15:27:42,526 [Worker-23] INFO  o.e.m.c.i.e.AbstractTransferListenerAdapter - Downloaded https://repo.maven.apache.org/maven2/io/projectreactor/reactor-bom/Bismuth-SR8/reactor-bom-Bismuth-SR8.pom
2021-01-23 15:27:42,847 [Worker-23] INFO  o.e.m.c.i.e.AbstractTransferListenerAdapter - Downloading https://repo.maven.apache.org/maven2/org/eclipse/jetty/jetty-bom/9.4.9.v20180320/jetty-bom-9.4.9.v20180320.pom
2021-01-23 15:27:43,814 [Worker-23] INFO  o.e.m.c.i.e.AbstractTransferListenerAdapter - Downloaded https://repo.maven.apache.org/maven2/org/eclipse/jetty/jetty-bom/9.4.9.v20180320/jetty-bom-9.4.9.v20180320.pom
2021-01-23 15:27:43,944 [Worker-26] INFO  o.e.m.c.i.e.AbstractTransferListenerAdapter - Downloaded https://repo.maven.apache.org/maven2/io/projectreactor/reactor-bom/Bismuth-SR8/reactor-bom-Bismuth-SR8.pom
2021-01-23 15:27:44,146 [Worker-26] INFO  o.e.m.c.i.e.AbstractTransferListenerAdapter - Downloading https://repo.maven.apache.org/maven2/org/springframework/spring-framework-bom/5.0.5.RELEASE/spring-framework-bom-5.0.5.RELEASE.pom
2021-01-23 15:27:44,280 [Worker-23] INFO  o.e.m.c.i.e.AbstractTransferListenerAdapter - Downloading https://repo.maven.apache.org/maven2/org/springframework/spring-framework-bom/5.0.5.RELEASE/spring-framework-bom-5.0.5.RELEASE.pom
2021-01-23 15:27:44,558 [Worker-23] INFO  o.e.m.c.i.e.AbstractTransferListenerAdapter - Downloaded https://repo.maven.apache.org/maven2/org/springframework/spring-framework-bom/5.0.5.RELEASE/spring-framework-bom-5.0.5.RELEASE.pom
2021-01-23 15:27:44,752 [Worker-23] INFO  o.e.m.c.i.e.AbstractTransferListenerAdapter - Downloading https://repo.maven.apache.org/maven2/org/springframework/data/spring-data-releasetrain/Kay-SR6/spring-data-releasetrain-Kay-SR6.pom
2021-01-23 15:27:45,825 [Worker-23] INFO  o.e.m.c.i.e.AbstractTransferListenerAdapter - Downloaded https://repo.maven.apache.org/maven2/org/springframework/data/spring-data-releasetrain/Kay-SR6/spring-data-releasetrain-Kay-SR6.pom
2021-01-23 15:27:45,931 [Worker-26] INFO  o.e.m.c.i.e.AbstractTransferListenerAdapter - Downloaded https://repo.maven.apache.org/maven2/org/springframework/spring-framework-bom/5.0.5.RELEASE/spring-framework-bom-5.0.5.RELEASE.pom
2021-01-23 15:27:46,005 [Worker-23] INFO  o.e.m.c.i.e.AbstractTransferListenerAdapter - Downloading https://repo.maven.apache.org/maven2/org/springframework/data/build/spring-data-build/2.0.6.RELEASE/spring-data-build-2.0.6.RELEASE.pom
2021-01-23 15:27:46,126 [Worker-26] INFO  o.e.m.c.i.e.AbstractTransferListenerAdapter - Downloading https://repo.maven.apache.org/maven2/org/springframework/data/build/spring-data-build/2.0.6.RELEASE/spring-data-build-2.0.6.RELEASE.pom
2021-01-23 15:27:46,691 [Worker-23] INFO  o.e.m.c.i.e.AbstractTransferListenerAdapter - Downloaded https://repo.maven.apache.org/maven2/org/springframework/data/build/spring-data-build/2.0.6.RELEASE/spring-data-build-2.0.6.RELEASE.pom
2021-01-23 15:27:46,872 [Worker-23] INFO  o.e.m.c.i.e.AbstractTransferListenerAdapter - Downloading https://repo.maven.apache.org/maven2/org/springframework/integration/spring-integration-bom/5.0.4.RELEASE/spring-integration-bom-5.0.4.RELEASE.pom
2021-01-23 15:27:47,222 [Worker-26] INFO  o.e.m.c.i.e.AbstractTransferListenerAdapter - Downloaded https://repo.maven.apache.org/maven2/org/springframework/data/build/spring-data-build/2.0.6.RELEASE/spring-data-build-2.0.6.RELEASE.pom
2021-01-23 15:27:47,424 [Worker-26] INFO  o.e.m.c.i.e.AbstractTransferListenerAdapter - Downloading https://repo.maven.apache.org/maven2/org/springframework/integration/spring-integration-bom/5.0.4.RELEASE/spring-integration-bom-5.0.4.RELEASE.pom
2021-01-23 15:27:47,458 [Worker-23] INFO  o.e.m.c.i.e.AbstractTransferListenerAdapter - Downloaded https://repo.maven.apache.org/maven2/org/springframework/integration/spring-integration-bom/5.0.4.RELEASE/spring-integration-bom-5.0.4.RELEASE.pom
2021-01-23 15:27:47,639 [Worker-23] INFO  o.e.m.c.i.e.AbstractTransferListenerAdapter - Downloading https://repo.maven.apache.org/maven2/org/springframework/security/spring-security-bom/5.0.4.RELEASE/spring-security-bom-5.0.4.RELEASE.pom
2021-01-23 15:27:48,077 [Worker-23] INFO  o.e.m.c.i.e.AbstractTransferListenerAdapter - Downloaded https://repo.maven.apache.org/maven2/org/springframework/security/spring-security-bom/5.0.4.RELEASE/spring-security-bom-5.0.4.RELEASE.pom
2021-01-23 15:27:48,358 [Worker-23] INFO  o.e.m.c.i.e.AbstractTransferListenerAdapter - Downloading https://repo.maven.apache.org/maven2/org/mybatis/spring/boot/mybatis-spring-boot-starter/1.3.2/mybatis-spring-boot-starter-1.3.2.pom
2021-01-23 15:27:48,566 [Worker-23] INFO  o.e.m.c.i.e.AbstractTransferListenerAdapter - Downloaded https://repo.maven.apache.org/maven2/org/mybatis/spring/boot/mybatis-spring-boot-starter/1.3.2/mybatis-spring-boot-starter-1.3.2.pom
2021-01-23 15:27:48,746 [Worker-23] INFO  o.e.m.c.i.e.AbstractTransferListenerAdapter - Downloading https://repo.maven.apache.org/maven2/org/mybatis/spring/boot/mybatis-spring-boot/1.3.2/mybatis-spring-boot-1.3.2.pom
2021-01-23 15:27:49,129 [Worker-23] INFO  o.e.m.c.i.e.AbstractTransferListenerAdapter - Downloaded https://repo.maven.apache.org/maven2/org/mybatis/spring/boot/mybatis-spring-boot/1.3.2/mybatis-spring-boot-1.3.2.pom
2021-01-23 15:27:49,318 [Worker-23] INFO  o.e.m.c.i.e.AbstractTransferListenerAdapter - Downloading https://repo.maven.apache.org/maven2/org/mybatis/mybatis-parent/29/mybatis-parent-29.pom
2021-01-23 15:27:49,652 [Worker-26] INFO  o.e.m.c.i.e.AbstractTransferListenerAdapter - Downloaded https://repo.maven.apache.org/maven2/org/springframework/integration/spring-integration-bom/5.0.4.RELEASE/spring-integration-bom-5.0.4.RELEASE.pom
2021-01-23 15:27:50,685 [Worker-26] INFO  o.e.m.c.i.e.AbstractTransferListenerAdapter - Downloading https://repo.maven.apache.org/maven2/org/mybatis/mybatis-parent/29/mybatis-parent-29.pom
2021-01-23 15:27:51,273 [Worker-23] INFO  o.e.m.c.i.e.AbstractTransferListenerAdapter - Downloaded https://repo.maven.apache.org/maven2/org/mybatis/mybatis-parent/29/mybatis-parent-29.pom
2021-01-23 15:27:51,454 [Worker-23] INFO  o.e.m.c.i.e.AbstractTransferListenerAdapter - Downloading https://repo.maven.apache.org/maven2/org/springframework/boot/spring-boot-dependencies/1.5.10.RELEASE/spring-boot-dependencies-1.5.10.RELEASE.pom
2021-01-23 15:27:54,156 [Worker-26] INFO  o.e.m.c.i.e.AbstractTransferListenerAdapter - Downloaded https://repo.maven.apache.org/maven2/org/mybatis/mybatis-parent/29/mybatis-parent-29.pom
2021-01-23 15:27:54,991 [Worker-26] INFO  o.e.m.c.i.e.AbstractTransferListenerAdapter - Downloading https://repo.maven.apache.org/maven2/org/springframework/boot/spring-boot-dependencies/1.5.10.RELEASE/spring-boot-dependencies-1.5.10.RELEASE.pom
2021-01-23 15:27:59,595 [Worker-23] INFO  o.e.m.c.i.e.AbstractTransferListenerAdapter - Downloaded https://repo.maven.apache.org/maven2/org/springframework/boot/spring-boot-dependencies/1.5.10.RELEASE/spring-boot-dependencies-1.5.10.RELEASE.pom
2021-01-23 15:27:59,802 [Worker-23] INFO  o.e.m.c.i.e.AbstractTransferListenerAdapter - Downloading https://repo.maven.apache.org/maven2/com/fasterxml/jackson/jackson-bom/2.8.10/jackson-bom-2.8.10.pom
2021-01-23 15:28:00,421 [Worker-26] INFO  o.e.m.c.i.e.AbstractTransferListenerAdapter - Downloaded https://repo.maven.apache.org/maven2/org/springframework/boot/spring-boot-dependencies/1.5.10.RELEASE/spring-boot-dependencies-1.5.10.RELEASE.pom
2021-01-23 15:28:00,619 [Worker-26] INFO  o.e.m.c.i.e.AbstractTransferListenerAdapter - Downloading https://repo.maven.apache.org/maven2/com/fasterxml/jackson/jackson-bom/2.8.10/jackson-bom-2.8.10.pom
2021-01-23 15:28:01,389 [Worker-23] INFO  o.e.m.c.i.e.AbstractTransferListenerAdapter - Downloaded https://repo.maven.apache.org/maven2/com/fasterxml/jackson/jackson-bom/2.8.10/jackson-bom-2.8.10.pom
2021-01-23 15:28:01,614 [Worker-23] INFO  o.e.m.c.i.e.AbstractTransferListenerAdapter - Downloading https://repo.maven.apache.org/maven2/org/springframework/spring-framework-bom/4.3.14.RELEASE/spring-framework-bom-4.3.14.RELEASE.pom
2021-01-23 15:28:01,689 [Worker-26] INFO  o.e.m.c.i.e.AbstractTransferListenerAdapter - Downloaded https://repo.maven.apache.org/maven2/com/fasterxml/jackson/jackson-bom/2.8.10/jackson-bom-2.8.10.pom
2021-01-23 15:28:01,882 [Worker-26] INFO  o.e.m.c.i.e.AbstractTransferListenerAdapter - Downloading https://repo.maven.apache.org/maven2/org/springframework/spring-framework-bom/4.3.14.RELEASE/spring-framework-bom-4.3.14.RELEASE.pom
2021-01-23 15:28:02,936 [Worker-26] INFO  o.e.m.c.i.e.AbstractTransferListenerAdapter - Downloaded https://repo.maven.apache.org/maven2/org/springframework/spring-framework-bom/4.3.14.RELEASE/spring-framework-bom-4.3.14.RELEASE.pom
2021-01-23 15:28:03,117 [Worker-23] INFO  o.e.m.c.i.e.AbstractTransferListenerAdapter - Downloaded https://repo.maven.apache.org/maven2/org/springframework/spring-framework-bom/4.3.14.RELEASE/spring-framework-bom-4.3.14.RELEASE.pom
2021-01-23 15:28:03,132 [Worker-26] INFO  o.e.m.c.i.e.AbstractTransferListenerAdapter - Downloading https://repo.maven.apache.org/maven2/org/springframework/data/spring-data-releasetrain/Ingalls-SR10/spring-data-releasetrain-Ingalls-SR10.pom
2021-01-23 15:28:03,575 [Worker-23] INFO  o.e.m.c.i.e.AbstractTransferListenerAdapter - Downloading https://repo.maven.apache.org/maven2/org/springframework/data/spring-data-releasetrain/Ingalls-SR10/spring-data-releasetrain-Ingalls-SR10.pom
2021-01-23 15:28:03,598 [Worker-26] INFO  o.e.m.c.i.e.AbstractTransferListenerAdapter - Downloaded https://repo.maven.apache.org/maven2/org/springframework/data/spring-data-releasetrain/Ingalls-SR10/spring-data-releasetrain-Ingalls-SR10.pom
2021-01-23 15:28:03,793 [Worker-26] INFO  o.e.m.c.i.e.AbstractTransferListenerAdapter - Downloading https://repo.maven.apache.org/maven2/org/springframework/data/build/spring-data-build/1.9.10.RELEASE/spring-data-build-1.9.10.RELEASE.pom
2021-01-23 15:28:03,874 [Worker-23] INFO  o.e.m.c.i.e.AbstractTransferListenerAdapter - Downloaded https://repo.maven.apache.org/maven2/org/springframework/data/spring-data-releasetrain/Ingalls-SR10/spring-data-releasetrain-Ingalls-SR10.pom
2021-01-23 15:28:04,054 [Worker-23] INFO  o.e.m.c.i.e.AbstractTransferListenerAdapter - Downloading https://repo.maven.apache.org/maven2/org/springframework/data/build/spring-data-build/1.9.10.RELEASE/spring-data-build-1.9.10.RELEASE.pom
2021-01-23 15:28:04,639 [Worker-26] INFO  o.e.m.c.i.e.AbstractTransferListenerAdapter - Downloaded https://repo.maven.apache.org/maven2/org/springframework/data/build/spring-data-build/1.9.10.RELEASE/spring-data-build-1.9.10.RELEASE.pom
2021-01-23 15:28:04,658 [Worker-23] INFO  o.e.m.c.i.e.AbstractTransferListenerAdapter - Downloaded https://repo.maven.apache.org/maven2/org/springframework/data/build/spring-data-build/1.9.10.RELEASE/spring-data-build-1.9.10.RELEASE.pom
2021-01-23 15:28:04,834 [Worker-26] INFO  o.e.m.c.i.e.AbstractTransferListenerAdapter - Downloading https://repo.maven.apache.org/maven2/org/springframework/integration/spring-integration-bom/4.3.14.RELEASE/spring-integration-bom-4.3.14.RELEASE.pom
2021-01-23 15:28:04,842 [Worker-23] INFO  o.e.m.c.i.e.AbstractTransferListenerAdapter - Downloading https://repo.maven.apache.org/maven2/org/springframework/integration/spring-integration-bom/4.3.14.RELEASE/spring-integration-bom-4.3.14.RELEASE.pom
2021-01-23 15:28:05,322 [Worker-23] INFO  o.e.m.c.i.e.AbstractTransferListenerAdapter - Downloaded https://repo.maven.apache.org/maven2/org/springframework/integration/spring-integration-bom/4.3.14.RELEASE/spring-integration-bom-4.3.14.RELEASE.pom
2021-01-23 15:28:05,502 [Worker-23] INFO  o.e.m.c.i.e.AbstractTransferListenerAdapter - Downloading https://repo.maven.apache.org/maven2/org/springframework/security/spring-security-bom/4.2.4.RELEASE/spring-security-bom-4.2.4.RELEASE.pom
2021-01-23 15:28:05,778 [Worker-23] INFO  o.e.m.c.i.e.AbstractTransferListenerAdapter - Downloaded https://repo.maven.apache.org/maven2/org/springframework/security/spring-security-bom/4.2.4.RELEASE/spring-security-bom-4.2.4.RELEASE.pom
2021-01-23 15:28:05,966 [Worker-23] INFO  o.e.m.c.i.e.AbstractTransferListenerAdapter - Downloading https://repo.maven.apache.org/maven2/com/github/pagehelper/pagehelper-spring-boot-autoconfigure/1.2.10/pagehelper-spring-boot-autoconfigure-1.2.10.pom
2021-01-23 15:28:06,111 [Worker-26] INFO  o.e.m.c.i.e.AbstractTransferListenerAdapter - Downloaded https://repo.maven.apache.org/maven2/org/springframework/integration/spring-integration-bom/4.3.14.RELEASE/spring-integration-bom-4.3.14.RELEASE.pom
2021-01-23 15:28:06,180 [Worker-23] INFO  o.e.m.c.i.e.AbstractTransferListenerAdapter - Downloaded https://repo.maven.apache.org/maven2/com/github/pagehelper/pagehelper-spring-boot-autoconfigure/1.2.10/pagehelper-spring-boot-autoconfigure-1.2.10.pom
2021-01-23 15:28:06,310 [Worker-26] INFO  o.e.m.c.i.e.AbstractTransferListenerAdapter - Downloading https://repo.maven.apache.org/maven2/org/mybatis/spring/boot/mybatis-spring-boot-autoconfigure/1.3.2/mybatis-spring-boot-autoconfigure-1.3.2.pom
2021-01-23 15:28:06,593 [Worker-26] INFO  o.e.m.c.i.e.AbstractTransferListenerAdapter - Downloaded https://repo.maven.apache.org/maven2/org/mybatis/spring/boot/mybatis-spring-boot-autoconfigure/1.3.2/mybatis-spring-boot-autoconfigure-1.3.2.pom
2021-01-23 15:28:06,790 [Worker-26] INFO  o.e.m.c.i.e.AbstractTransferListenerAdapter - Downloading https://repo.maven.apache.org/maven2/org/mybatis/mybatis/3.4.6/mybatis-3.4.6.pom
2021-01-23 15:28:07,037 [Worker-23] INFO  o.e.m.c.i.e.AbstractTransferListenerAdapter - Downloading https://repo.maven.apache.org/maven2/com/github/pagehelper/pagehelper/5.1.8/pagehelper-5.1.8.pom
2021-01-23 15:28:07,254 [Worker-23] INFO  o.e.m.c.i.e.AbstractTransferListenerAdapter - Downloaded https://repo.maven.apache.org/maven2/com/github/pagehelper/pagehelper/5.1.8/pagehelper-5.1.8.pom
2021-01-23 15:28:07,441 [Worker-23] INFO  o.e.m.c.i.e.AbstractTransferListenerAdapter - Downloading https://repo.maven.apache.org/maven2/com/github/jsqlparser/jsqlparser/1.2/jsqlparser-1.2.pom
2021-01-23 15:28:08,697 [Worker-23] INFO  o.e.m.c.i.e.AbstractTransferListenerAdapter - Downloaded https://repo.maven.apache.org/maven2/com/github/jsqlparser/jsqlparser/1.2/jsqlparser-1.2.pom
2021-01-23 15:28:08,735 [Worker-26] INFO  o.e.m.c.i.e.AbstractTransferListenerAdapter - Downloaded https://repo.maven.apache.org/maven2/org/mybatis/mybatis/3.4.6/mybatis-3.4.6.pom
2021-01-23 15:28:09,001 [Worker-26] INFO  o.e.m.c.i.e.AbstractTransferListenerAdapter - Downloading https://repo.maven.apache.org/maven2/org/mybatis/mybatis-spring/1.3.2/mybatis-spring-1.3.2.pom
2021-01-23 15:28:09,880 [Worker-26] INFO  o.e.m.c.i.e.AbstractTransferListenerAdapter - Downloaded https://repo.maven.apache.org/maven2/org/mybatis/mybatis-spring/1.3.2/mybatis-spring-1.3.2.pom
2021-01-23 15:28:10,159 [Worker-26] INFO  o.e.m.c.i.e.AbstractTransferListenerAdapter - Downloading https://repo.maven.apache.org/maven2/mysql/mysql-connector-java/5.1.46/mysql-connector-java-5.1.46.jar
2021-01-23 15:29:53,146 [Worker-26] INFO  o.e.m.c.i.e.AbstractTransferListenerAdapter - Downloaded https://repo.maven.apache.org/maven2/mysql/mysql-connector-java/5.1.46/mysql-connector-java-5.1.46.jar
2021-01-23 15:29:53,793 [Worker-26] INFO  o.e.m.c.i.e.AbstractTransferListenerAdapter - Downloading https://repo.maven.apache.org/maven2/com/github/pagehelper/pagehelper-spring-boot-starter/1.2.10/pagehelper-spring-boot-starter-1.2.10.jar
2021-01-23 15:29:55,818 [Worker-26] INFO  o.e.m.c.i.e.AbstractTransferListenerAdapter - Downloaded https://repo.maven.apache.org/maven2/com/github/pagehelper/pagehelper-spring-boot-starter/1.2.10/pagehelper-spring-boot-starter-1.2.10.jar
2021-01-23 15:29:56,013 [Worker-26] INFO  o.e.m.c.i.e.AbstractTransferListenerAdapter - Downloading https://repo.maven.apache.org/maven2/com/github/pagehelper/pagehelper-spring-boot-autoconfigure/1.2.10/pagehelper-spring-boot-autoconfigure-1.2.10.jar
2021-01-23 15:29:57,595 [Worker-26] INFO  o.e.m.c.i.e.AbstractTransferListenerAdapter - Downloaded https://repo.maven.apache.org/maven2/com/github/pagehelper/pagehelper-spring-boot-autoconfigure/1.2.10/pagehelper-spring-boot-autoconfigure-1.2.10.jar
2021-01-23 15:29:57,795 [Worker-26] INFO  o.e.m.c.i.e.AbstractTransferListenerAdapter - Downloading https://repo.maven.apache.org/maven2/com/github/pagehelper/pagehelper/5.1.8/pagehelper-5.1.8.jar
2021-01-23 15:30:08,352 [Worker-26] INFO  o.e.m.c.i.e.AbstractTransferListenerAdapter - Downloaded https://repo.maven.apache.org/maven2/com/github/pagehelper/pagehelper/5.1.8/pagehelper-5.1.8.jar
2021-01-23 15:30:08,544 [Worker-26] INFO  o.e.m.c.i.e.AbstractTransferListenerAdapter - Downloading https://repo.maven.apache.org/maven2/com/github/jsqlparser/jsqlparser/1.2/jsqlparser-1.2.jar
2021-01-23 15:30:57,522 [Worker-26] INFO  o.e.m.c.i.e.AbstractTransferListenerAdapter - Downloaded https://repo.maven.apache.org/maven2/com/github/jsqlparser/jsqlparser/1.2/jsqlparser-1.2.jar
2021-01-23 15:30:57,914 [Worker-26] WARN  o.e.a.i.i.DefaultRepositoryEventDispatcher - Failed to dispatch repository event to org.eclipse.m2e.core.internal.embedder.EclipseRepositoryListener: null
2021-01-23 15:30:59,048 [Worker-26] INFO  o.e.m.c.i.embedder.EclipseLogger - Using 'UTF-8' encoding to copy filtered resources.
2021-01-23 15:30:59,053 [Worker-26] INFO  o.e.m.c.i.embedder.EclipseLogger - Copying 1 resource
2021-01-23 15:30:59,086 [Worker-26] INFO  o.e.m.c.i.embedder.EclipseLogger - Copying 105 resources
2021-01-23 15:30:59,825 [Worker-26] INFO  o.e.m.c.i.embedder.EclipseLogger - Using 'UTF-8' encoding to copy filtered resources.
2021-01-23 15:30:59,826 [Worker-26] INFO  o.e.m.c.i.embedder.EclipseLogger - Copying 0 resource
2021-01-23 15:30:59,924 [Worker-26] INFO  o.e.m.c.i.p.ProjectConfigurationManager - Update started
2021-01-23 15:31:00,571 [Worker-26] INFO  o.e.m.c.i.l.LifecycleMappingFactory - Using org.eclipse.m2e.jdt.JarLifecycleMapping lifecycle mapping for MavenProject: com.qian:ITDatabase-Web:0.0.1-SNAPSHOT @ E:\java\ｱﾊﾊﾔﾃ賁ﾔ\javaﾁｷｼｶ\21ITDatabase\project202101\ITDatabase-Web\pom.xml.
2021-01-23 15:31:01,111 [Worker-26] INFO  o.e.m.j.i.AbstractJavaProjectConfigurator - Adding source folder /ITDatabase-Web/src/main/java
2021-01-23 15:31:01,113 [Worker-26] INFO  o.e.m.j.i.AbstractJavaProjectConfigurator - Adding resource folder /ITDatabase-Web/src/main/resources
2021-01-23 15:31:01,115 [Worker-26] INFO  o.e.m.j.i.AbstractJavaProjectConfigurator - Adding resource folder /ITDatabase-Web/src/main/resources
2021-01-23 15:31:01,117 [Worker-26] INFO  o.e.m.j.i.AbstractJavaProjectConfigurator - Adding source folder /ITDatabase-Web/src/test/java
2021-01-23 15:31:01,117 [Worker-26] INFO  o.e.m.j.i.AbstractJavaProjectConfigurator - Adding resource folder /ITDatabase-Web/src/test/resources
2021-01-23 15:31:01,618 [Worker-26] INFO  o.e.m.c.i.p.ProjectConfigurationManager - Update completed: 1 sec
2021-01-23 15:31:01,659 [Worker-24] INFO  o.e.m.c.i.l.LifecycleMappingFactory - Using org.eclipse.m2e.jdt.JarLifecycleMapping lifecycle mapping for MavenProject: com.qian:ITDatabase-Web:0.0.1-SNAPSHOT @ E:\java\ｱﾊﾊﾔﾃ賁ﾔ\javaﾁｷｼｶ\21ITDatabase\project202101\ITDatabase-Web\pom.xml.
2021-01-23 15:31:03,011 [Worker-23] INFO  o.e.m.c.i.embedder.EclipseLogger - Using 'UTF-8' encoding to copy filtered resources.
2021-01-23 15:31:03,012 [Worker-23] INFO  o.e.m.c.i.embedder.EclipseLogger - Copying 1 resource
2021-01-23 15:31:03,031 [Worker-23] INFO  o.e.m.c.i.embedder.EclipseLogger - Copying 105 resources
2021-01-23 15:31:03,296 [Worker-23] INFO  o.e.m.c.i.embedder.EclipseLogger - Using 'UTF-8' encoding to copy filtered resources.
2021-01-23 15:31:03,296 [Worker-23] INFO  o.e.m.c.i.embedder.EclipseLogger - Copying 0 resource
2021-02-07 13:40:51,602 [Worker-3] INFO  c.g.t.t.d.PublishedGradleVersions - Gradle version information cache is out-of-date. Trying to update.
2021-02-07 13:41:10,519 [Worker-3] INFO  c.g.t.t.d.PublishedGradleVersions - Updating Gradle version information cache failed. Using outdated cache.
2021-02-07 15:59:40,502 [Worker-4] INFO  c.g.t.t.d.PublishedGradleVersions - Gradle version information cache is out-of-date. Trying to update.
2021-02-07 15:59:54,343 [Worker-4] INFO  c.g.t.t.d.PublishedGradleVersions - Updating Gradle version information cache failed. Using outdated cache.
2021-02-07 16:00:00,553 [Worker-1] INFO  o.e.m.c.i.embedder.EclipseLogger - Using 'UTF-8' encoding to copy filtered resources.
2021-02-07 16:00:00,563 [Worker-1] INFO  o.e.m.c.i.embedder.EclipseLogger - Copying 1 resource
2021-02-07 16:00:00,614 [Worker-1] INFO  o.e.m.c.i.embedder.EclipseLogger - Copying 105 resources
2021-02-07 16:00:03,889 [Worker-1] INFO  o.e.m.c.i.embedder.EclipseLogger - Using 'UTF-8' encoding to copy filtered resources.
2021-02-07 16:00:03,889 [Worker-1] INFO  o.e.m.c.i.embedder.EclipseLogger - Copying 0 resource
2021-02-22 12:45:29,673 [Worker-4] INFO  c.g.t.t.d.PublishedGradleVersions - Gradle version information cache is up-to-date. Trying to read.
2021-03-05 15:59:00,916 [Worker-3] INFO  c.g.t.t.d.PublishedGradleVersions - Gradle version information cache is out-of-date. Trying to update.
2021-03-05 16:01:38,896 [Worker-10] INFO  o.e.m.c.i.l.LifecycleMappingFactory - Using org.eclipse.m2e.jdt.JarLifecycleMapping lifecycle mapping for MavenProject: com.qian:ITDatabase-Web:0.0.1-SNAPSHOT @ H:\java\ｱﾊﾊﾔﾃ賁ﾔ\javaﾁｷｼｶ\21ITDatabase\project202101\ITDatabase-Web\pom.xml.
2021-03-05 16:01:41,390 [Worker-10] INFO  o.e.m.c.i.e.AbstractTransferListenerAdapter - Downloading https://repo.maven.apache.org/maven2/mysql/mysql-connector-java/5.1.46/mysql-connector-java-5.1.46.pom
2021-03-05 16:01:41,658 [Worker-10] INFO  o.e.m.c.i.e.AbstractTransferListenerAdapter - Downloaded https://repo.maven.apache.org/maven2/mysql/mysql-connector-java/5.1.46/mysql-connector-java-5.1.46.pom
2021-03-05 16:01:42,352 [Worker-10] INFO  o.e.m.c.i.e.AbstractTransferListenerAdapter - Downloading https://repo.maven.apache.org/maven2/com/github/pagehelper/pagehelper-spring-boot-starter/1.2.10/pagehelper-spring-boot-starter-1.2.10.pom
2021-03-05 16:01:42,558 [Worker-10] INFO  o.e.m.c.i.e.AbstractTransferListenerAdapter - Downloaded https://repo.maven.apache.org/maven2/com/github/pagehelper/pagehelper-spring-boot-starter/1.2.10/pagehelper-spring-boot-starter-1.2.10.pom
2021-03-05 16:01:42,865 [Worker-10] INFO  o.e.m.c.i.e.AbstractTransferListenerAdapter - Downloading https://repo.maven.apache.org/maven2/com/github/pagehelper/pagehelper-spring-boot/1.2.10/pagehelper-spring-boot-1.2.10.pom
2021-03-05 16:01:43,085 [Worker-10] INFO  o.e.m.c.i.e.AbstractTransferListenerAdapter - Downloaded https://repo.maven.apache.org/maven2/com/github/pagehelper/pagehelper-spring-boot/1.2.10/pagehelper-spring-boot-1.2.10.pom
2021-03-05 16:01:43,299 [Worker-10] INFO  o.e.m.c.i.e.AbstractTransferListenerAdapter - Downloading https://repo.maven.apache.org/maven2/org/springframework/boot/spring-boot-dependencies/2.0.1.RELEASE/spring-boot-dependencies-2.0.1.RELEASE.pom
2021-03-05 16:01:44,023 [Worker-10] INFO  o.e.m.c.i.e.AbstractTransferListenerAdapter - Downloaded https://repo.maven.apache.org/maven2/org/springframework/boot/spring-boot-dependencies/2.0.1.RELEASE/spring-boot-dependencies-2.0.1.RELEASE.pom
2021-03-05 16:01:44,261 [Worker-10] INFO  o.e.m.c.i.e.AbstractTransferListenerAdapter - Downloading https://repo.maven.apache.org/maven2/com/fasterxml/jackson/jackson-bom/2.9.5/jackson-bom-2.9.5.pom
2021-03-05 16:01:44,515 [Worker-10] INFO  o.e.m.c.i.e.AbstractTransferListenerAdapter - Downloaded https://repo.maven.apache.org/maven2/com/fasterxml/jackson/jackson-bom/2.9.5/jackson-bom-2.9.5.pom
2021-03-05 16:01:44,748 [Worker-10] INFO  o.e.m.c.i.e.AbstractTransferListenerAdapter - Downloading https://repo.maven.apache.org/maven2/com/fasterxml/jackson/jackson-parent/2.9.1/jackson-parent-2.9.1.pom
2021-03-05 16:01:45,000 [Worker-10] INFO  o.e.m.c.i.e.AbstractTransferListenerAdapter - Downloaded https://repo.maven.apache.org/maven2/com/fasterxml/jackson/jackson-parent/2.9.1/jackson-parent-2.9.1.pom
2021-03-05 16:01:45,239 [Worker-10] INFO  o.e.m.c.i.e.AbstractTransferListenerAdapter - Downloading https://repo.maven.apache.org/maven2/com/fasterxml/oss-parent/30/oss-parent-30.pom
2021-03-05 16:01:45,513 [Worker-10] INFO  o.e.m.c.i.e.AbstractTransferListenerAdapter - Downloaded https://repo.maven.apache.org/maven2/com/fasterxml/oss-parent/30/oss-parent-30.pom
2021-03-05 16:01:45,755 [Worker-10] INFO  o.e.m.c.i.e.AbstractTransferListenerAdapter - Downloading https://repo.maven.apache.org/maven2/io/netty/netty-bom/4.1.23.Final/netty-bom-4.1.23.Final.pom
2021-03-05 16:01:45,989 [Worker-10] INFO  o.e.m.c.i.e.AbstractTransferListenerAdapter - Downloaded https://repo.maven.apache.org/maven2/io/netty/netty-bom/4.1.23.Final/netty-bom-4.1.23.Final.pom
2021-03-05 16:01:46,220 [Worker-10] INFO  o.e.m.c.i.e.AbstractTransferListenerAdapter - Downloading https://repo.maven.apache.org/maven2/io/projectreactor/reactor-bom/Bismuth-SR8/reactor-bom-Bismuth-SR8.pom
2021-03-05 16:01:46,465 [Worker-10] INFO  o.e.m.c.i.e.AbstractTransferListenerAdapter - Downloaded https://repo.maven.apache.org/maven2/io/projectreactor/reactor-bom/Bismuth-SR8/reactor-bom-Bismuth-SR8.pom
2021-03-05 16:01:46,710 [Worker-10] INFO  o.e.m.c.i.e.AbstractTransferListenerAdapter - Downloading https://repo.maven.apache.org/maven2/org/apache/logging/log4j/log4j-bom/2.10.0/log4j-bom-2.10.0.pom
2021-03-05 16:01:46,955 [Worker-10] INFO  o.e.m.c.i.e.AbstractTransferListenerAdapter - Downloaded https://repo.maven.apache.org/maven2/org/apache/logging/log4j/log4j-bom/2.10.0/log4j-bom-2.10.0.pom
2021-03-05 16:01:47,158 [Worker-10] INFO  o.e.m.c.i.e.AbstractTransferListenerAdapter - Downloading https://repo.maven.apache.org/maven2/org/apache/logging/logging-parent/1/logging-parent-1.pom
2021-03-05 16:01:47,355 [Worker-10] INFO  o.e.m.c.i.e.AbstractTransferListenerAdapter - Downloaded https://repo.maven.apache.org/maven2/org/apache/logging/logging-parent/1/logging-parent-1.pom
2021-03-05 16:01:47,616 [Worker-10] INFO  o.e.m.c.i.e.AbstractTransferListenerAdapter - Downloading https://repo.maven.apache.org/maven2/org/eclipse/jetty/jetty-bom/9.4.9.v20180320/jetty-bom-9.4.9.v20180320.pom
2021-03-05 16:01:47,873 [Worker-10] INFO  o.e.m.c.i.e.AbstractTransferListenerAdapter - Downloaded https://repo.maven.apache.org/maven2/org/eclipse/jetty/jetty-bom/9.4.9.v20180320/jetty-bom-9.4.9.v20180320.pom
2021-03-05 16:01:48,089 [Worker-10] INFO  o.e.m.c.i.e.AbstractTransferListenerAdapter - Downloading https://repo.maven.apache.org/maven2/org/springframework/spring-framework-bom/5.0.5.RELEASE/spring-framework-bom-5.0.5.RELEASE.pom
2021-03-05 16:01:48,307 [Worker-10] INFO  o.e.m.c.i.e.AbstractTransferListenerAdapter - Downloaded https://repo.maven.apache.org/maven2/org/springframework/spring-framework-bom/5.0.5.RELEASE/spring-framework-bom-5.0.5.RELEASE.pom
2021-03-05 16:01:48,533 [Worker-10] INFO  o.e.m.c.i.e.AbstractTransferListenerAdapter - Downloading https://repo.maven.apache.org/maven2/org/springframework/data/spring-data-releasetrain/Kay-SR6/spring-data-releasetrain-Kay-SR6.pom
2021-03-05 16:01:48,780 [Worker-10] INFO  o.e.m.c.i.e.AbstractTransferListenerAdapter - Downloaded https://repo.maven.apache.org/maven2/org/springframework/data/spring-data-releasetrain/Kay-SR6/spring-data-releasetrain-Kay-SR6.pom
2021-03-05 16:01:49,024 [Worker-10] INFO  o.e.m.c.i.e.AbstractTransferListenerAdapter - Downloading https://repo.maven.apache.org/maven2/org/springframework/data/build/spring-data-build/2.0.6.RELEASE/spring-data-build-2.0.6.RELEASE.pom
2021-03-05 16:01:49,528 [Worker-10] INFO  o.e.m.c.i.e.AbstractTransferListenerAdapter - Downloaded https://repo.maven.apache.org/maven2/org/springframework/data/build/spring-data-build/2.0.6.RELEASE/spring-data-build-2.0.6.RELEASE.pom
2021-03-05 16:01:49,722 [Worker-10] INFO  o.e.m.c.i.e.AbstractTransferListenerAdapter - Downloading https://repo.maven.apache.org/maven2/org/springframework/integration/spring-integration-bom/5.0.4.RELEASE/spring-integration-bom-5.0.4.RELEASE.pom
2021-03-05 16:01:49,955 [Worker-10] INFO  o.e.m.c.i.e.AbstractTransferListenerAdapter - Downloaded https://repo.maven.apache.org/maven2/org/springframework/integration/spring-integration-bom/5.0.4.RELEASE/spring-integration-bom-5.0.4.RELEASE.pom
2021-03-05 16:01:50,175 [Worker-10] INFO  o.e.m.c.i.e.AbstractTransferListenerAdapter - Downloading https://repo.maven.apache.org/maven2/org/springframework/security/spring-security-bom/5.0.4.RELEASE/spring-security-bom-5.0.4.RELEASE.pom
2021-03-05 16:01:50,396 [Worker-10] INFO  o.e.m.c.i.e.AbstractTransferListenerAdapter - Downloaded https://repo.maven.apache.org/maven2/org/springframework/security/spring-security-bom/5.0.4.RELEASE/spring-security-bom-5.0.4.RELEASE.pom
2021-03-05 16:01:50,620 [Worker-10] INFO  o.e.m.c.i.e.AbstractTransferListenerAdapter - Downloading https://repo.maven.apache.org/maven2/org/springframework/session/spring-session-bom/Apple-SR1/spring-session-bom-Apple-SR1.pom
2021-03-05 16:01:50,857 [Worker-10] INFO  o.e.m.c.i.e.AbstractTransferListenerAdapter - Downloaded https://repo.maven.apache.org/maven2/org/springframework/session/spring-session-bom/Apple-SR1/spring-session-bom-Apple-SR1.pom
2021-03-05 16:01:51,093 [Worker-10] INFO  o.e.m.c.i.e.AbstractTransferListenerAdapter - Downloading https://repo.maven.apache.org/maven2/org/mybatis/spring/boot/mybatis-spring-boot-starter/1.3.2/mybatis-spring-boot-starter-1.3.2.pom
2021-03-05 16:01:51,330 [Worker-10] INFO  o.e.m.c.i.e.AbstractTransferListenerAdapter - Downloaded https://repo.maven.apache.org/maven2/org/mybatis/spring/boot/mybatis-spring-boot-starter/1.3.2/mybatis-spring-boot-starter-1.3.2.pom
2021-03-05 16:01:51,561 [Worker-10] INFO  o.e.m.c.i.e.AbstractTransferListenerAdapter - Downloading https://repo.maven.apache.org/maven2/org/mybatis/spring/boot/mybatis-spring-boot/1.3.2/mybatis-spring-boot-1.3.2.pom
2021-03-05 16:01:51,800 [Worker-10] INFO  o.e.m.c.i.e.AbstractTransferListenerAdapter - Downloaded https://repo.maven.apache.org/maven2/org/mybatis/spring/boot/mybatis-spring-boot/1.3.2/mybatis-spring-boot-1.3.2.pom
2021-03-05 16:01:52,027 [Worker-10] INFO  o.e.m.c.i.e.AbstractTransferListenerAdapter - Downloading https://repo.maven.apache.org/maven2/org/mybatis/mybatis-parent/29/mybatis-parent-29.pom
2021-03-05 16:01:52,397 [Worker-10] INFO  o.e.m.c.i.e.AbstractTransferListenerAdapter - Downloaded https://repo.maven.apache.org/maven2/org/mybatis/mybatis-parent/29/mybatis-parent-29.pom
2021-03-05 16:01:52,641 [Worker-10] INFO  o.e.m.c.i.e.AbstractTransferListenerAdapter - Downloading https://repo.maven.apache.org/maven2/org/springframework/boot/spring-boot-dependencies/1.5.10.RELEASE/spring-boot-dependencies-1.5.10.RELEASE.pom
2021-03-05 16:01:53,430 [Worker-10] INFO  o.e.m.c.i.e.AbstractTransferListenerAdapter - Downloaded https://repo.maven.apache.org/maven2/org/springframework/boot/spring-boot-dependencies/1.5.10.RELEASE/spring-boot-dependencies-1.5.10.RELEASE.pom
2021-03-05 16:01:53,628 [Worker-10] INFO  o.e.m.c.i.e.AbstractTransferListenerAdapter - Downloading https://repo.maven.apache.org/maven2/com/fasterxml/jackson/jackson-bom/2.8.10/jackson-bom-2.8.10.pom
2021-03-05 16:01:53,882 [Worker-10] INFO  o.e.m.c.i.e.AbstractTransferListenerAdapter - Downloaded https://repo.maven.apache.org/maven2/com/fasterxml/jackson/jackson-bom/2.8.10/jackson-bom-2.8.10.pom
2021-03-05 16:01:54,101 [Worker-10] INFO  o.e.m.c.i.e.AbstractTransferListenerAdapter - Downloading https://repo.maven.apache.org/maven2/org/springframework/spring-framework-bom/4.3.14.RELEASE/spring-framework-bom-4.3.14.RELEASE.pom
2021-03-05 16:01:54,322 [Worker-10] INFO  o.e.m.c.i.e.AbstractTransferListenerAdapter - Downloaded https://repo.maven.apache.org/maven2/org/springframework/spring-framework-bom/4.3.14.RELEASE/spring-framework-bom-4.3.14.RELEASE.pom
2021-03-05 16:01:54,549 [Worker-10] INFO  o.e.m.c.i.e.AbstractTransferListenerAdapter - Downloading https://repo.maven.apache.org/maven2/org/springframework/data/spring-data-releasetrain/Ingalls-SR10/spring-data-releasetrain-Ingalls-SR10.pom
2021-03-05 16:01:54,783 [Worker-10] INFO  o.e.m.c.i.e.AbstractTransferListenerAdapter - Downloaded https://repo.maven.apache.org/maven2/org/springframework/data/spring-data-releasetrain/Ingalls-SR10/spring-data-releasetrain-Ingalls-SR10.pom
2021-03-05 16:01:55,013 [Worker-10] INFO  o.e.m.c.i.e.AbstractTransferListenerAdapter - Downloading https://repo.maven.apache.org/maven2/org/springframework/data/build/spring-data-build/1.9.10.RELEASE/spring-data-build-1.9.10.RELEASE.pom
2021-03-05 16:01:55,281 [Worker-10] INFO  o.e.m.c.i.e.AbstractTransferListenerAdapter - Downloaded https://repo.maven.apache.org/maven2/org/springframework/data/build/spring-data-build/1.9.10.RELEASE/spring-data-build-1.9.10.RELEASE.pom
2021-03-05 16:01:55,544 [Worker-10] INFO  o.e.m.c.i.e.AbstractTransferListenerAdapter - Downloading https://repo.maven.apache.org/maven2/org/springframework/integration/spring-integration-bom/4.3.14.RELEASE/spring-integration-bom-4.3.14.RELEASE.pom
2021-03-05 16:01:55,818 [Worker-10] INFO  o.e.m.c.i.e.AbstractTransferListenerAdapter - Downloaded https://repo.maven.apache.org/maven2/org/springframework/integration/spring-integration-bom/4.3.14.RELEASE/spring-integration-bom-4.3.14.RELEASE.pom
2021-03-05 16:01:56,061 [Worker-10] INFO  o.e.m.c.i.e.AbstractTransferListenerAdapter - Downloading https://repo.maven.apache.org/maven2/org/springframework/security/spring-security-bom/4.2.4.RELEASE/spring-security-bom-4.2.4.RELEASE.pom
2021-03-05 16:01:56,289 [Worker-10] INFO  o.e.m.c.i.e.AbstractTransferListenerAdapter - Downloaded https://repo.maven.apache.org/maven2/org/springframework/security/spring-security-bom/4.2.4.RELEASE/spring-security-bom-4.2.4.RELEASE.pom
2021-03-05 16:01:56,485 [Worker-10] INFO  o.e.m.c.i.e.AbstractTransferListenerAdapter - Downloading https://repo.maven.apache.org/maven2/org/mybatis/spring/boot/mybatis-spring-boot-autoconfigure/1.3.2/mybatis-spring-boot-autoconfigure-1.3.2.pom
2021-03-05 16:01:56,685 [Worker-10] INFO  o.e.m.c.i.e.AbstractTransferListenerAdapter - Downloaded https://repo.maven.apache.org/maven2/org/mybatis/spring/boot/mybatis-spring-boot-autoconfigure/1.3.2/mybatis-spring-boot-autoconfigure-1.3.2.pom
2021-03-05 16:01:56,890 [Worker-10] INFO  o.e.m.c.i.e.AbstractTransferListenerAdapter - Downloading https://repo.maven.apache.org/maven2/org/mybatis/mybatis/3.4.6/mybatis-3.4.6.pom
2021-03-05 16:01:57,179 [Worker-10] INFO  o.e.m.c.i.e.AbstractTransferListenerAdapter - Downloaded https://repo.maven.apache.org/maven2/org/mybatis/mybatis/3.4.6/mybatis-3.4.6.pom
2021-03-05 16:01:57,410 [Worker-10] INFO  o.e.m.c.i.e.AbstractTransferListenerAdapter - Downloading https://repo.maven.apache.org/maven2/org/mybatis/mybatis-spring/1.3.2/mybatis-spring-1.3.2.pom
2021-03-05 16:01:57,966 [Worker-10] INFO  o.e.m.c.i.e.AbstractTransferListenerAdapter - Downloaded https://repo.maven.apache.org/maven2/org/mybatis/mybatis-spring/1.3.2/mybatis-spring-1.3.2.pom
2021-03-05 16:01:58,203 [Worker-10] INFO  o.e.m.c.i.e.AbstractTransferListenerAdapter - Downloading https://repo.maven.apache.org/maven2/com/github/pagehelper/pagehelper-spring-boot-autoconfigure/1.2.10/pagehelper-spring-boot-autoconfigure-1.2.10.pom
2021-03-05 16:01:58,425 [Worker-10] INFO  o.e.m.c.i.e.AbstractTransferListenerAdapter - Downloaded https://repo.maven.apache.org/maven2/com/github/pagehelper/pagehelper-spring-boot-autoconfigure/1.2.10/pagehelper-spring-boot-autoconfigure-1.2.10.pom
2021-03-05 16:01:58,653 [Worker-10] INFO  o.e.m.c.i.e.AbstractTransferListenerAdapter - Downloading https://repo.maven.apache.org/maven2/com/github/pagehelper/pagehelper/5.1.8/pagehelper-5.1.8.pom
2021-03-05 16:01:58,954 [Worker-10] INFO  o.e.m.c.i.e.AbstractTransferListenerAdapter - Downloaded https://repo.maven.apache.org/maven2/com/github/pagehelper/pagehelper/5.1.8/pagehelper-5.1.8.pom
2021-03-05 16:01:59,204 [Worker-10] INFO  o.e.m.c.i.e.AbstractTransferListenerAdapter - Downloading https://repo.maven.apache.org/maven2/com/github/jsqlparser/jsqlparser/1.2/jsqlparser-1.2.pom
2021-03-05 16:01:59,538 [Worker-10] INFO  o.e.m.c.i.e.AbstractTransferListenerAdapter - Downloaded https://repo.maven.apache.org/maven2/com/github/jsqlparser/jsqlparser/1.2/jsqlparser-1.2.pom
2021-03-05 16:01:59,830 [Worker-10] INFO  o.e.m.c.i.e.AbstractTransferListenerAdapter - Downloading https://repo.maven.apache.org/maven2/mysql/mysql-connector-java/5.1.46/mysql-connector-java-5.1.46.jar
2021-03-05 16:02:11,796 [Worker-10] INFO  o.e.m.c.i.e.AbstractTransferListenerAdapter - Downloaded https://repo.maven.apache.org/maven2/mysql/mysql-connector-java/5.1.46/mysql-connector-java-5.1.46.jar
2021-03-05 16:02:12,029 [Worker-10] INFO  o.e.m.c.i.e.AbstractTransferListenerAdapter - Downloading https://repo.maven.apache.org/maven2/com/github/pagehelper/pagehelper-spring-boot-starter/1.2.10/pagehelper-spring-boot-starter-1.2.10.jar
2021-03-05 16:02:12,231 [Worker-10] INFO  o.e.m.c.i.e.AbstractTransferListenerAdapter - Downloaded https://repo.maven.apache.org/maven2/com/github/pagehelper/pagehelper-spring-boot-starter/1.2.10/pagehelper-spring-boot-starter-1.2.10.jar
2021-03-05 16:02:12,425 [Worker-10] INFO  o.e.m.c.i.e.AbstractTransferListenerAdapter - Downloading https://repo.maven.apache.org/maven2/com/github/pagehelper/pagehelper-spring-boot-autoconfigure/1.2.10/pagehelper-spring-boot-autoconfigure-1.2.10.jar
2021-03-05 16:02:12,654 [Worker-10] INFO  o.e.m.c.i.e.AbstractTransferListenerAdapter - Downloaded https://repo.maven.apache.org/maven2/com/github/pagehelper/pagehelper-spring-boot-autoconfigure/1.2.10/pagehelper-spring-boot-autoconfigure-1.2.10.jar
2021-03-05 16:02:12,868 [Worker-10] INFO  o.e.m.c.i.e.AbstractTransferListenerAdapter - Downloading https://repo.maven.apache.org/maven2/com/github/pagehelper/pagehelper/5.1.8/pagehelper-5.1.8.jar
2021-03-05 16:02:13,596 [Worker-10] INFO  o.e.m.c.i.e.AbstractTransferListenerAdapter - Downloaded https://repo.maven.apache.org/maven2/com/github/pagehelper/pagehelper/5.1.8/pagehelper-5.1.8.jar
2021-03-05 16:02:13,824 [Worker-10] INFO  o.e.m.c.i.e.AbstractTransferListenerAdapter - Downloading https://repo.maven.apache.org/maven2/com/github/jsqlparser/jsqlparser/1.2/jsqlparser-1.2.jar
2021-03-05 16:02:15,658 [Worker-10] INFO  o.e.m.c.i.e.AbstractTransferListenerAdapter - Downloaded https://repo.maven.apache.org/maven2/com/github/jsqlparser/jsqlparser/1.2/jsqlparser-1.2.jar
2021-03-05 16:02:16,408 [Worker-10] WARN  o.e.a.i.i.DefaultRepositoryEventDispatcher - Failed to dispatch repository event to org.eclipse.m2e.core.internal.embedder.EclipseRepositoryListener: null
2021-03-05 16:02:18,105 [Worker-10] INFO  o.e.m.c.i.embedder.EclipseLogger - Using 'UTF-8' encoding to copy filtered resources.
2021-03-05 16:02:18,109 [Worker-10] INFO  o.e.m.c.i.embedder.EclipseLogger - Copying 1 resource
2021-03-05 16:02:18,142 [Worker-10] INFO  o.e.m.c.i.embedder.EclipseLogger - Copying 105 resources
2021-03-05 16:02:18,163 [Worker-10] INFO  o.e.m.c.i.embedder.EclipseLogger - Using 'UTF-8' encoding to copy filtered resources.
2021-03-05 16:02:18,164 [Worker-10] INFO  o.e.m.c.i.embedder.EclipseLogger - Copying 0 resource
2021-03-05 16:02:20,022 [Worker-4] INFO  o.e.m.c.i.l.LifecycleMappingFactory - Using org.eclipse.m2e.jdt.JarLifecycleMapping lifecycle mapping for MavenProject: com.qian:ITDatabase-Web:0.0.1-SNAPSHOT @ H:\java\ｱﾊﾊﾔﾃ賁ﾔ\javaﾁｷｼｶ\21ITDatabase\project202101\ITDatabase-Web\pom.xml.
2021-03-05 16:02:28,379 [Worker-4] INFO  o.e.m.c.i.embedder.EclipseLogger - Using 'UTF-8' encoding to copy filtered resources.
2021-03-05 16:02:28,385 [Worker-4] INFO  o.e.m.c.i.embedder.EclipseLogger - Copying 1 resource
2021-03-05 16:02:28,425 [Worker-4] INFO  o.e.m.c.i.embedder.EclipseLogger - Copying 105 resources
2021-03-05 16:02:31,556 [Worker-4] INFO  o.e.m.c.i.embedder.EclipseLogger - Using 'UTF-8' encoding to copy filtered resources.
2021-03-05 16:02:31,556 [Worker-4] INFO  o.e.m.c.i.embedder.EclipseLogger - Copying 0 resource
2021-03-05 16:03:46,670 [Worker-4] INFO  o.e.m.c.i.e.AbstractTransferListenerAdapter - Downloading https://repo.maven.apache.org/maven2/org/springframework/boot/spring-boot-autoconfigure/1.5.2.RELEASE/spring-boot-autoconfigure-1.5.2.RELEASE-sources.jar
2021-03-05 16:03:47,523 [Worker-11] INFO  o.e.m.c.i.e.AbstractTransferListenerAdapter - Downloading https://repo.maven.apache.org/maven2/org/springframework/boot/spring-boot-autoconfigure/1.5.2.RELEASE/spring-boot-autoconfigure-1.5.2.RELEASE-sources.jar
2021-03-05 16:03:54,081 [Worker-4] INFO  o.e.m.c.i.e.AbstractTransferListenerAdapter - Downloaded https://repo.maven.apache.org/maven2/org/springframework/boot/spring-boot-autoconfigure/1.5.2.RELEASE/spring-boot-autoconfigure-1.5.2.RELEASE-sources.jar
2021-03-05 16:03:55,125 [Worker-12] INFO  o.e.m.c.i.embedder.EclipseLogger - Using 'UTF-8' encoding to copy filtered resources.
2021-03-05 16:03:55,125 [Worker-12] INFO  o.e.m.c.i.embedder.EclipseLogger - Copying 0 resource
2021-03-05 16:03:55,125 [Worker-12] INFO  o.e.m.c.i.embedder.EclipseLogger - Copying 0 resource
2021-03-05 16:03:55,126 [Worker-12] INFO  o.e.m.c.i.embedder.EclipseLogger - Using 'UTF-8' encoding to copy filtered resources.
2021-03-05 16:03:55,126 [Worker-12] INFO  o.e.m.c.i.embedder.EclipseLogger - Copying 0 resource
2021-03-05 16:04:01,115 [Worker-11] INFO  o.e.m.c.i.e.AbstractTransferListenerAdapter - Downloaded https://repo.maven.apache.org/maven2/org/springframework/boot/spring-boot-autoconfigure/1.5.2.RELEASE/spring-boot-autoconfigure-1.5.2.RELEASE-sources.jar
2021-03-05 16:04:01,268 [Worker-11] INFO  o.e.m.j.internal.DownloadSourcesJob - Downloaded sources for org.springframework.boot:spring-boot-autoconfigure:1.5.2.RELEASE
2021-03-05 16:04:01,591 [Worker-0] INFO  o.e.m.c.i.embedder.EclipseLogger - Using 'UTF-8' encoding to copy filtered resources.
2021-03-05 16:04:01,591 [Worker-0] INFO  o.e.m.c.i.embedder.EclipseLogger - Copying 0 resource
2021-03-05 16:04:01,591 [Worker-0] INFO  o.e.m.c.i.embedder.EclipseLogger - Copying 0 resource
2021-03-05 16:04:01,592 [Worker-0] INFO  o.e.m.c.i.embedder.EclipseLogger - Using 'UTF-8' encoding to copy filtered resources.
2021-03-05 16:04:01,592 [Worker-0] INFO  o.e.m.c.i.embedder.EclipseLogger - Copying 0 resource
